<?xml version="1.0" encoding="UTF-8"?>
<coverage generated="1664883570691" clover="3.2.0">
  <project timestamp="1664883570691" name="All files">
    <metrics statements="7" coveredstatements="6" conditionals="0" coveredconditionals="0" methods="4" coveredmethods="3" elements="11" coveredelements="9" complexity="0" loc="7" ncloc="7" packages="1" files="3" classes="3"/>
    <file name="cloneArray.js" path="C:\Users\ASLINUR\Desktop\CLARUSWAY\Frontend\JAVASCRIPT ADVANCE\testingStuff\cloneArray.js">
      <metrics statements="2" coveredstatements="2" conditionals="0" coveredconditionals="0" methods="1" coveredmethods="1"/>
      <line num="2" count="2" type="stmt"/>
      <line num="5" count="1" type="stmt"/>
    </file>
    <file name="subtract.js" path="C:\Users\ASLINUR\Desktop\CLARUSWAY\Frontend\JAVASCRIPT ADVANCE\testingStuff\subtract.js">
      <metrics statements="2" coveredstatements="2" conditionals="0" coveredconditionals="0" methods="1" coveredmethods="1"/>
      <line num="2" count="1" type="stmt"/>
      <line num="5" count="1" type="stmt"/>
    </file>
    <file name="sum.js" path="C:\Users\ASLINUR\Desktop\CLARUSWAY\Frontend\JAVASCRIPT ADVANCE\testingStuff\sum.js">
      <metrics statements="3" coveredstatements="2" conditionals="0" coveredconditionals="0" methods="2" coveredmethods="1"/>
      <line num="2" count="1" type="stmt"/>
      <line num="5" count="0" type="stmt"/>
      <line num="8" count="1" type="stmt"/>
    </file>
  </project>
</coverage>
