{"C:\\Users\\ASLINUR\\Desktop\\CLARUSWAY\\Frontend\\JAVASCRIPT ADVANCE\\testingStuff\\cloneArray.js": {"path":"C:\\Users\\ASLINUR\\Desktop\\CLARUSWAY\\Frontend\\JAVASCRIPT ADVANCE\\testingStuff\\cloneArray.js","statementMap":{"0":{"start":{"line":2,"column":4},"end":{"line":2,"column":21}},"1":{"start":{"line":5,"column":0},"end":{"line":5,"column":27}}},"fnMap":{"0":{"name":"cloneArray","decl":{"start":{"line":1,"column":9},"end":{"line":1,"column":19}},"loc":{"start":{"line":1,"column":27},"end":{"line":3,"column":1}},"line":1}},"branchMap":{},"s":{"0":2,"1":1},"f":{"0":2},"b":{},"_coverageSchema":"1a1c01bbd47fc00a2c39e90264f33305004495a9","hash":"3e797e0cc3ed9885a0b1640f9e9ad64a0fc06c81"}
,"C:\\Users\\ASLINUR\\Desktop\\CLARUSWAY\\Frontend\\JAVASCRIPT ADVANCE\\testingStuff\\subtract.js": {"path":"C:\\Users\\ASLINUR\\Desktop\\CLARUSWAY\\Frontend\\JAVASCRIPT ADVANCE\\testingStuff\\subtract.js","statementMap":{"0":{"start":{"line":2,"column":4},"end":{"line":2,"column":17}},"1":{"start":{"line":5,"column":0},"end":{"line":5,"column":25}}},"fnMap":{"0":{"name":"subtract","decl":{"start":{"line":1,"column":9},"end":{"line":1,"column":17}},"loc":{"start":{"line":1,"column":24},"end":{"line":3,"column":1}},"line":1}},"branchMap":{},"s":{"0":1,"1":1},"f":{"0":1},"b":{},"_coverageSchema":"1a1c01bbd47fc00a2c39e90264f33305004495a9","hash":"be3de2b6aa08051fa41b1c7fd80796cda68e78b2"}
,"C:\\Users\\ASLINUR\\Desktop\\CLARUSWAY\\Frontend\\JAVASCRIPT ADVANCE\\testingStuff\\sum.js": {"path":"C:\\Users\\ASLINUR\\Desktop\\CLARUSWAY\\Frontend\\JAVASCRIPT ADVANCE\\testingStuff\\sum.js","statementMap":{"0":{"start":{"line":2,"column":4},"end":{"line":2,"column":17}},"1":{"start":{"line":5,"column":4},"end":{"line":5,"column":26}},"2":{"start":{"line":8,"column":0},"end":{"line":8,"column":21}}},"fnMap":{"0":{"name":"sum","decl":{"start":{"line":1,"column":9},"end":{"line":1,"column":12}},"loc":{"start":{"line":1,"column":19},"end":{"line":3,"column":1}},"line":1},"1":{"name":"helper","decl":{"start":{"line":4,"column":9},"end":{"line":4,"column":15}},"loc":{"start":{"line":4,"column":19},"end":{"line":6,"column":1}},"line":4}},"branchMap":{},"s":{"0":1,"1":0,"2":1},"f":{"0":1,"1":0},"b":{},"_coverageSchema":"1a1c01bbd47fc00a2c39e90264f33305004495a9","hash":"6f40a3783dc6f078eed535153e98f7d7390d7866"}
}
